ERROR: Traceback (most recent call last):
  File "/Users/diyao/Desktop/files/amazon_checker.py", line 199, in <module>
    main()
  File "/Users/diyao/Desktop/files/amazon_checker.py", line 164, in main
    r = checker.get_price_and_stock(args.url)
  File "/Users/diyao/Desktop/files/amazon_checker.py", line 57, in get_price_and_stock
    WebDriverWait(self.driver, 20).until(
  File "/Users/diyao/Desktop/files/amazon-env/lib/python3.10/site-packages/selenium/webdriver/support/wait.py", line 105, in until
    raise TimeoutException(message, screen, stacktrace)
selenium.common.exceptions.TimeoutException: Message: 
Stacktrace:
0   undetected_chromedriver             0x00000001073a0568 undetected_chromedriver + 6595944
1   undetected_chromedriver             0x0000000107397c1a undetected_chromedriver + 6560794
2   undetected_chromedriver             0x0000000106dc0c3b undetected_chromedriver + 437307
3   undetected_chromedriver             0x0000000106e12660 undetected_chromedriver + 771680
4   undetected_chromedriver             0x0000000106e12971 undetected_chromedriver + 772465
5   undetected_chromedriver             0x0000000106e62ef4 undetected_chromedriver + 1101556
6   undetected_chromedriver             0x0000000106e602ba undetected_chromedriver + 1090234
7   undetected_chromedriver             0x0000000106e04fc7 undetected_chromedriver + 716743
8   undetected_chromedriver             0x0000000106e05c91 undetected_chromedriver + 720017
9   undetected_chromedriver             0x000000010735d691 undetected_chromedriver + 6321809
10  undetected_chromedriver             0x0000000107361af0 undetected_chromedriver + 6339312
11  undetected_chromedriver             0x0000000107338263 undetected_chromedriver + 6169187
12  undetected_chromedriver             0x0000000107362565 undetected_chromedriver + 6341989
13  undetected_chromedriver             0x0000000107326ee1 undetected_chromedriver + 6098657
14  undetected_chromedriver             0x0000000107384ab8 undetected_chromedriver + 6482616
15  undetected_chromedriver             0x0000000107384c73 undetected_chromedriver + 6483059
16  undetected_chromedriver             0x000000010739781c undetected_chromedriver + 6559772
17  libsystem_pthread.dylib             0x00007ff8038b1e05 _pthread_start + 115
18  libsystem_pthread.dylib             0x00007ff8038ad857 thread_start + 15


ERROR: Traceback (most recent call last):
  File "/Users/diyao/Desktop/files/amazon_checker.py", line 199, in <module>
    main()
  File "/Users/diyao/Desktop/files/amazon_checker.py", line 164, in main
    r = checker.get_price_and_stock(args.url)
  File "/Users/diyao/Desktop/files/amazon_checker.py", line 57, in get_price_and_stock
    WebDriverWait(self.driver, 20).until(
  File "/Users/diyao/Desktop/files/amazon-env/lib/python3.10/site-packages/selenium/webdriver/support/wait.py", line 105, in until
    raise TimeoutException(message, screen, stacktrace)
selenium.common.exceptions.TimeoutException: Message: 
Stacktrace:
0   undetected_chromedriver             0x000000010fd5b568 undetected_chromedriver + 6595944
1   undetected_chromedriver             0x000000010fd52c1a undetected_chromedriver + 6560794
2   undetected_chromedriver             0x000000010f77bc3b undetected_chromedriver + 437307
3   undetected_chromedriver             0x000000010f7cd660 undetected_chromedriver + 771680
4   undetected_chromedriver             0x000000010f7cd971 undetected_chromedriver + 772465
5   undetected_chromedriver             0x000000010f81def4 undetected_chromedriver + 1101556
6   undetected_chromedriver             0x000000010f81b2ba undetected_chromedriver + 1090234
7   undetected_chromedriver             0x000000010f7bffc7 undetected_chromedriver + 716743
8   undetected_chromedriver             0x000000010f7c0c91 undetected_chromedriver + 720017
9   undetected_chromedriver             0x000000010fd18691 undetected_chromedriver + 6321809
10  undetected_chromedriver             0x000000010fd1caf0 undetected_chromedriver + 6339312
11  undetected_chromedriver             0x000000010fcf3263 undetected_chromedriver + 6169187
12  undetected_chromedriver             0x000000010fd1d565 undetected_chromedriver + 6341989
13  undetected_chromedriver             0x000000010fce1ee1 undetected_chromedriver + 6098657
14  undetected_chromedriver             0x000000010fd3fab8 undetected_chromedriver + 6482616
15  undetected_chromedriver             0x000000010fd3fc73 undetected_chromedriver + 6483059
16  undetected_chromedriver             0x000000010fd5281c undetected_chromedriver + 6559772
17  libsystem_pthread.dylib             0x00007ff8038b1e05 _pthread_start + 115
18  libsystem_pthread.dylib             0x00007ff8038ad857 thread_start + 15


